
**** Build of configuration Debug for project A+B ****

Nothing to build for project A+B
10:18:44 **** Incremental Build of configuration Debug for project A+B ****
make all 
Building file: ../main.cpp
Invoking: GCC C++ Compiler
g++ -O0 -g3 -Wall -c -fmessage-length=0 -MMD -MP -MF"main.d" -MT"main.o" -o "main.o" "../main.cpp"
Finished building: ../main.cpp
 
Building target: A+B
Invoking: GCC C++ Linker
g++  -o "A+B"  ./main.o   
Finished building target: A+B
 
10:18:45 **** Incremental Build of configuration Debug for project hello ****
make all 
make: Цель «all» не требует выполнения команд.
10:18:52 **** Incremental Build of configuration Debug for project A+B ****
make all 
make: Цель «all» не требует выполнения команд.
15:04:49 **** Incremental Build of configuration Debug for project A+B ****
make all 
make: Цель «all» не требует выполнения команд.
15:04:49 **** Build of configuration Debug for project Min_String ****
make all 
Building file: ../main.cpp
Invoking: GCC C++ Compiler
g++ -O0 -g3 -Wall -c -fmessage-length=0 -MMD -MP -MF"main.d" -MT"main.o" -o "main.o" "../main.cpp"
Finished building: ../main.cpp
 
Building target: Min_String
Invoking: GCC C++ Linker
g++  -o "Min_String"  ./main.o   
Finished building target: Min_String
 
15:04:51 **** Incremental Build of configuration Debug for project hello ****
make all 
make: Цель «all» не требует выполнения команд.
15:04:56 **** Incremental Build of configuration Debug for project Min_String ****
make all 
make: Цель «all» не требует выполнения команд.
15:05:10 **** Incremental Build of configuration Debug for project Min_String ****
make all 
make: Цель «all» не требует выполнения команд.
15:05:16 **** Incremental Build of configuration Debug for project Min_String ****
make all 
make: Цель «all» не требует выполнения команд.
15:12:47 **** Incremental Build of configuration Debug for project A+B ****
make all 
make: Цель «all» не требует выполнения команд.
15:12:48 **** Build of configuration Debug for project Equation ****
make all 
Building file: ../main.cpp
Invoking: GCC C++ Compiler
g++ -O0 -g3 -Wall -c -fmessage-length=0 -MMD -MP -MF"main.d" -MT"main.o" -o "main.o" "../main.cpp"
../main.cpp: In function ‘int main()’:
../main.cpp:10:14: error: invalid operands of types ‘double’ and ‘double’ to binary ‘operator^’
   10 |  double D = b^2 - 4 * a * c;
      |             ~^~~~~~~~~~~~~~
      |             |   |
      |             |   double
      |             double
../main.cpp:10:17: warning: suggest parentheses around arithmetic in operand of ‘^’ [-Wparentheses]
   10 |  double D = b^2 - 4 * a * c;
      |               ~~^~~~~~~~~~~
make: *** [subdir.mk:20: main.o] Ошибка 1
"make all" terminated with exit code 2. Build might be incomplete.
15:12:49 **** Incremental Build of configuration Debug for project Min_String ****
make all 
make: Цель «all» не требует выполнения команд.
15:12:50 **** Incremental Build of configuration Debug for project hello ****
make all 
make: Цель «all» не требует выполнения команд.
15:13:32 **** Incremental Build of configuration Debug for project A+B ****
make all 
make: Цель «all» не требует выполнения команд.
15:13:32 **** Incremental Build of configuration Debug for project Equation ****
make all 
Building file: ../main.cpp
Invoking: GCC C++ Compiler
g++ -O0 -g3 -Wall -c -fmessage-length=0 -MMD -MP -MF"main.d" -MT"main.o" -o "main.o" "../main.cpp"
../main.cpp: In function ‘int main()’:
../main.cpp:10:14: error: invalid operands of types ‘double’ and ‘double’ to binary ‘operator^’
   10 |  double D = b^2 - 4 * a * c;
      |             ~^~~~~~~~~~~~~~
      |             |   |
      |             |   double
      |             double
../main.cpp:10:17: warning: suggest parentheses around arithmetic in operand of ‘^’ [-Wparentheses]
   10 |  double D = b^2 - 4 * a * c;
      |               ~~^~~~~~~~~~~
make: *** [subdir.mk:20: main.o] Ошибка 1
"make all" terminated with exit code 2. Build might be incomplete.
15:13:33 **** Incremental Build of configuration Debug for project Min_String ****
make all 
make: Цель «all» не требует выполнения команд.
15:13:34 **** Incremental Build of configuration Debug for project hello ****
make all 
make: Цель «all» не требует выполнения команд.
15:14:28 **** Incremental Build of configuration Debug for project A+B ****
make all 
make: Цель «all» не требует выполнения команд.
15:14:29 **** Incremental Build of configuration Debug for project Equation ****
make all 
Building file: ../main.cpp
Invoking: GCC C++ Compiler
g++ -O0 -g3 -Wall -c -fmessage-length=0 -MMD -MP -MF"main.d" -MT"main.o" -o "main.o" "../main.cpp"
Finished building: ../main.cpp
 
Building target: Equation
Invoking: GCC C++ Linker
g++  -o "Equation"  ./main.o   
Finished building target: Equation
 
15:14:30 **** Incremental Build of configuration Debug for project Min_String ****
make all 
make: Цель «all» не требует выполнения команд.
15:14:31 **** Incremental Build of configuration Debug for project hello ****
make all 
make: Цель «all» не требует выполнения команд.
15:14:36 **** Incremental Build of configuration Debug for project Equation ****
make all 
make: Цель «all» не требует выполнения команд.
15:14:51 **** Incremental Build of configuration Debug for project A+B ****
make all 
make: Цель «all» не требует выполнения команд.
15:14:51 **** Incremental Build of configuration Debug for project Equation ****
make all 
Building file: ../main.cpp
Invoking: GCC C++ Compiler
g++ -O0 -g3 -Wall -c -fmessage-length=0 -MMD -MP -MF"main.d" -MT"main.o" -o "main.o" "../main.cpp"
Finished building: ../main.cpp
 
Building target: Equation
Invoking: GCC C++ Linker
g++  -o "Equation"  ./main.o   
Finished building target: Equation
 
15:14:52 **** Incremental Build of configuration Debug for project Min_String ****
make all 
make: Цель «all» не требует выполнения команд.
15:14:53 **** Incremental Build of configuration Debug for project hello ****
make all 
make: Цель «all» не требует выполнения команд.
15:14:54 **** Incremental Build of configuration Debug for project Equation ****
make all 
make: Цель «all» не требует выполнения команд.
15:14:58 **** Incremental Build of configuration Debug for project Equation ****
make all 
make: Цель «all» не требует выполнения команд.
15:15:14 **** Incremental Build of configuration Debug for project A+B ****
make all 
make: Цель «all» не требует выполнения команд.
15:15:15 **** Incremental Build of configuration Debug for project Equation ****
make all 
Building file: ../main.cpp
Invoking: GCC C++ Compiler
g++ -O0 -g3 -Wall -c -fmessage-length=0 -MMD -MP -MF"main.d" -MT"main.o" -o "main.o" "../main.cpp"
Finished building: ../main.cpp
 
Building target: Equation
Invoking: GCC C++ Linker
g++  -o "Equation"  ./main.o   
Finished building target: Equation
 
15:15:16 **** Incremental Build of configuration Debug for project Min_String ****
make all 
make: Цель «all» не требует выполнения команд.
15:15:16 **** Incremental Build of configuration Debug for project hello ****
make all 
make: Цель «all» не требует выполнения команд.
15:15:18 **** Incremental Build of configuration Debug for project Equation ****
make all 
make: Цель «all» не требует выполнения команд.
15:15:23 **** Incremental Build of configuration Debug for project Equation ****
make all 
make: Цель «all» не требует выполнения команд.
15:15:28 **** Incremental Build of configuration Debug for project Equation ****
make all 
make: Цель «all» не требует выполнения команд.
15:15:34 **** Incremental Build of configuration Debug for project Equation ****
make all 
make: Цель «all» не требует выполнения команд.
15:16:27 **** Incremental Build of configuration Debug for project A+B ****
make all 
make: Цель «all» не требует выполнения команд.
15:16:28 **** Incremental Build of configuration Debug for project Equation ****
make all 
Building file: ../main.cpp
Invoking: GCC C++ Compiler
g++ -O0 -g3 -Wall -c -fmessage-length=0 -MMD -MP -MF"main.d" -MT"main.o" -o "main.o" "../main.cpp"
Finished building: ../main.cpp
 
Building target: Equation
Invoking: GCC C++ Linker
g++  -o "Equation"  ./main.o   
Finished building target: Equation
 
15:16:29 **** Incremental Build of configuration Debug for project Min_String ****
make all 
make: Цель «all» не требует выполнения команд.
15:16:30 **** Incremental Build of configuration Debug for project hello ****
make all 
make: Цель «all» не требует выполнения команд.
15:16:32 **** Incremental Build of configuration Debug for project Equation ****
make all 
make: Цель «all» не требует выполнения команд.
15:16:37 **** Incremental Build of configuration Debug for project Equation ****
make all 
make: Цель «all» не требует выполнения команд.
15:16:40 **** Incremental Build of configuration Debug for project Equation ****
make all 
make: Цель «all» не требует выполнения команд.
15:16:47 **** Incremental Build of configuration Debug for project Equation ****
make all 
make: Цель «all» не требует выполнения команд.
15:16:55 **** Incremental Build of configuration Debug for project Equation ****
make all 
make: Цель «all» не требует выполнения команд.
15:16:57 **** Incremental Build of configuration Debug for project Equation ****
make all 
make: Цель «all» не требует выполнения команд.
15:17:00 **** Incremental Build of configuration Debug for project Equation ****
make all 
make: Цель «all» не требует выполнения команд.
15:17:02 **** Incremental Build of configuration Debug for project Equation ****
make all 
make: Цель «all» не требует выполнения команд.
15:18:40 **** Incremental Build of configuration Debug for project A+B ****
make all 
make: Цель «all» не требует выполнения команд.
15:18:40 **** Incremental Build of configuration Debug for project Equation ****
make all 
Building file: ../main.cpp
Invoking: GCC C++ Compiler
g++ -O0 -g3 -Wall -c -fmessage-length=0 -MMD -MP -MF"main.d" -MT"main.o" -o "main.o" "../main.cpp"
Finished building: ../main.cpp
 
Building target: Equation
Invoking: GCC C++ Linker
g++  -o "Equation"  ./main.o   
Finished building target: Equation
 
15:18:41 **** Incremental Build of configuration Debug for project Min_String ****
make all 
make: Цель «all» не требует выполнения команд.
15:18:42 **** Incremental Build of configuration Debug for project hello ****
make all 
make: Цель «all» не требует выполнения команд.
15:18:44 **** Incremental Build of configuration Debug for project Equation ****
make all 
make: Цель «all» не требует выполнения команд.
15:18:57 **** Incremental Build of configuration Debug for project A+B ****
make all 
make: Цель «all» не требует выполнения команд.
15:18:58 **** Incremental Build of configuration Debug for project Equation ****
make all 
Building file: ../main.cpp
Invoking: GCC C++ Compiler
g++ -O0 -g3 -Wall -c -fmessage-length=0 -MMD -MP -MF"main.d" -MT"main.o" -o "main.o" "../main.cpp"
Finished building: ../main.cpp
 
Building target: Equation
Invoking: GCC C++ Linker
g++  -o "Equation"  ./main.o   
Finished building target: Equation
 
15:18:59 **** Incremental Build of configuration Debug for project Min_String ****
make all 
make: Цель «all» не требует выполнения команд.
15:18:59 **** Incremental Build of configuration Debug for project hello ****
make all 
make: Цель «all» не требует выполнения команд.
15:19:02 **** Incremental Build of configuration Debug for project Equation ****
make all 
make: Цель «all» не требует выполнения команд.
15:19:04 **** Incremental Build of configuration Debug for project Equation ****
make all 
make: Цель «all» не требует выполнения команд.
15:19:07 **** Incremental Build of configuration Debug for project Equation ****
make all 
make: Цель «all» не требует выполнения команд.
15:19:09 **** Incremental Build of configuration Debug for project Equation ****
make all 
make: Цель «all» не требует выполнения команд.
15:19:11 **** Incremental Build of configuration Debug for project Equation ****
make all 
make: Цель «all» не требует выполнения команд.
15:19:14 **** Incremental Build of configuration Debug for project Equation ****
make all 
make: Цель «all» не требует выполнения команд.
15:26:07 **** Incremental Build of configuration Debug for project Equation ****
make all 
Building file: ../main.cpp
Invoking: GCC C++ Compiler
g++ -O0 -g3 -Wall -c -fmessage-length=0 -MMD -MP -MF"main.d" -MT"main.o" -o "main.o" "../main.cpp"
Finished building: ../main.cpp
 
Building target: Equation
Invoking: GCC C++ Linker
g++  -o "Equation"  ./main.o   
Finished building target: Equation
 
15:26:10 **** Incremental Build of configuration Debug for project Equation ****
make all 
make: Цель «all» не требует выполнения команд.
16:15:05 **** Build of configuration Debug for project Division ****
make all 
Building file: ../main.cpp
Invoking: GCC C++ Compiler
g++ -O0 -g3 -Wall -c -fmessage-length=0 -MMD -MP -MF"main.d" -MT"main.o" -o "main.o" "../main.cpp"
Finished building: ../main.cpp
 
Building target: Division
Invoking: GCC C++ Linker
g++  -o "Division"  ./main.o   
Finished building target: Division
 
16:15:11 **** Incremental Build of configuration Debug for project Division ****
make all 
make: Цель «all» не требует выполнения команд.
16:15:56 **** Incremental Build of configuration Debug for project Division ****
make all 
Building file: ../main.cpp
Invoking: GCC C++ Compiler
g++ -O0 -g3 -Wall -c -fmessage-length=0 -MMD -MP -MF"main.d" -MT"main.o" -o "main.o" "../main.cpp"
Finished building: ../main.cpp
 
Building target: Division
Invoking: GCC C++ Linker
g++  -o "Division"  ./main.o   
Finished building target: Division
 
16:16:00 **** Incremental Build of configuration Debug for project Division ****
make all 
make: Цель «all» не требует выполнения команд.
16:16:12 **** Incremental Build of configuration Debug for project Division ****
make all 
make: Цель «all» не требует выполнения команд.
16:16:33 **** Incremental Build of configuration Debug for project Division ****
make all 
make: Цель «all» не требует выполнения команд.
16:21:37 **** Build of configuration Debug for project Goods ****
make all 
Building file: ../main.cpp
Invoking: GCC C++ Compiler
g++ -O0 -g3 -Wall -c -fmessage-length=0 -MMD -MP -MF"main.d" -MT"main.o" -o "main.o" "../main.cpp"
Finished building: ../main.cpp
 
Building target: Goods
Invoking: GCC C++ Linker
g++  -o "Goods"  ./main.o   
Finished building target: Goods
 
16:21:43 **** Incremental Build of configuration Debug for project Goods ****
make all 
make: Цель «all» не требует выполнения команд.
16:21:51 **** Incremental Build of configuration Debug for project Goods ****
make all 
make: Цель «all» не требует выполнения команд.
16:21:54 **** Incremental Build of configuration Debug for project Goods ****
make all 
make: Цель «all» не требует выполнения команд.
16:21:57 **** Incremental Build of configuration Debug for project Goods ****
make all 
make: Цель «all» не требует выполнения команд.
16:22:09 **** Incremental Build of configuration Debug for project Goods ****
make all 
make: Цель «all» не требует выполнения команд.
16:26:14 **** Build of configuration Debug for project Even_Numbers ****
make all 
Building file: ../main.cpp
Invoking: GCC C++ Compiler
g++ -O0 -g3 -Wall -c -fmessage-length=0 -MMD -MP -MF"main.d" -MT"main.o" -o "main.o" "../main.cpp"
../main.cpp: In function ‘int main()’:
../main.cpp:8:12: warning: ‘A’ is used uninitialized in this function [-Wuninitialized]
    8 |  int i = A ? A % 2 == 0 : A + 1;
      |          ~~^~~~~~~~~~~~~~~~~~~~
../main.cpp:10:11: warning: ‘B’ is used uninitialized in this function [-Wuninitialized]
   10 |  for (; i <= B; i += 2) {
      |         ~~^~~~
Finished building: ../main.cpp
 
Building target: Even_Numbers
Invoking: GCC C++ Linker
g++  -o "Even_Numbers"  ./main.o   
Finished building target: Even_Numbers
 
16:26:35 **** Incremental Build of configuration Debug for project Even_Numbers ****
make all 
Building file: ../main.cpp
Invoking: GCC C++ Compiler
g++ -O0 -g3 -Wall -c -fmessage-length=0 -MMD -MP -MF"main.d" -MT"main.o" -o "main.o" "../main.cpp"
Finished building: ../main.cpp
 
Building target: Even_Numbers
Invoking: GCC C++ Linker
g++  -o "Even_Numbers"  ./main.o   
Finished building target: Even_Numbers
 
16:26:39 **** Incremental Build of configuration Debug for project Even_Numbers ****
make all 
make: Цель «all» не требует выполнения команд.
16:27:17 **** Incremental Build of configuration Debug for project Even_Numbers ****
make all 
Building file: ../main.cpp
Invoking: GCC C++ Compiler
g++ -O0 -g3 -Wall -c -fmessage-length=0 -MMD -MP -MF"main.d" -MT"main.o" -o "main.o" "../main.cpp"
Finished building: ../main.cpp
 
Building target: Even_Numbers
Invoking: GCC C++ Linker
g++  -o "Even_Numbers"  ./main.o   
Finished building target: Even_Numbers
 
16:27:19 **** Incremental Build of configuration Debug for project Even_Numbers ****
make all 
make: Цель «all» не требует выполнения команд.
16:47:33 **** Build of configuration Debug for project Second_in ****
make all 
Building file: ../main.cpp
Invoking: GCC C++ Compiler
g++ -O0 -g3 -Wall -c -fmessage-length=0 -MMD -MP -MF"main.d" -MT"main.o" -o "main.o" "../main.cpp"
../main.cpp: In function ‘int main()’:
../main.cpp:11:20: warning: comparison of integer expressions of different signedness: ‘int’ and ‘std::__cxx11::basic_string<char>::size_type’ {aka ‘long unsigned int’} [-Wsign-compare]
   11 |  for (int i = 0; i < input.size(); i++) {
      |                  ~~^~~~~~~~~~~~~~
Finished building: ../main.cpp
 
Building target: Second_in
Invoking: GCC C++ Linker
g++  -o "Second_in"  ./main.o   
Finished building target: Second_in
 
16:48:01 **** Incremental Build of configuration Debug for project Second_in ****
make all 
make: Цель «all» не требует выполнения команд.
16:48:06 **** Incremental Build of configuration Debug for project Second_in ****
make all 
make: Цель «all» не требует выполнения команд.
16:48:12 **** Incremental Build of configuration Debug for project Second_in ****
make all 
make: Цель «all» не требует выполнения команд.
16:48:33 **** Incremental Build of configuration Debug for project Second_in ****
make all 
Building file: ../main.cpp
Invoking: GCC C++ Compiler
g++ -O0 -g3 -Wall -c -fmessage-length=0 -MMD -MP -MF"main.d" -MT"main.o" -o "main.o" "../main.cpp"
../main.cpp: In function ‘int main()’:
../main.cpp:11:20: warning: comparison of integer expressions of different signedness: ‘int’ and ‘std::__cxx11::basic_string<char>::size_type’ {aka ‘long unsigned int’} [-Wsign-compare]
   11 |  for (int i = 0; i < input.size(); i++) {
      |                  ~~^~~~~~~~~~~~~~
Finished building: ../main.cpp
 
Building target: Second_in
Invoking: GCC C++ Linker
g++  -o "Second_in"  ./main.o   
Finished building target: Second_in
 
16:48:35 **** Incremental Build of configuration Debug for project Second_in ****
make all 
make: Цель «all» не требует выполнения команд.
16:48:38 **** Incremental Build of configuration Debug for project Second_in ****
make all 
make: Цель «all» не требует выполнения команд.
16:48:41 **** Incremental Build of configuration Debug for project Second_in ****
make all 
make: Цель «all» не требует выполнения команд.
16:48:44 **** Incremental Build of configuration Debug for project Second_in ****
make all 
make: Цель «all» не требует выполнения команд.
16:59:00 **** Build of configuration Debug for project NOD ****
make all 
Building file: ../main.cpp
Invoking: GCC C++ Compiler
g++ -O0 -g3 -Wall -c -fmessage-length=0 -MMD -MP -MF"main.d" -MT"main.o" -o "main.o" "../main.cpp"
../main.cpp: In function ‘int main()’:
../main.cpp:17:6: warning: ‘r1’ may be used uninitialized in this function [-Wmaybe-uninitialized]
   17 |  int r1 = b - (b / r1) * r1;
      |      ^~
Finished building: ../main.cpp
 
Building target: NOD
Invoking: GCC C++ Linker
g++  -o "NOD"  ./main.o   
Finished building target: NOD
 
16:59:16 **** Incremental Build of configuration Debug for project NOD ****
make all 
Building file: ../main.cpp
Invoking: GCC C++ Compiler
g++ -O0 -g3 -Wall -c -fmessage-length=0 -MMD -MP -MF"main.d" -MT"main.o" -o "main.o" "../main.cpp"
Finished building: ../main.cpp
 
Building target: NOD
Invoking: GCC C++ Linker
g++  -o "NOD"  ./main.o   
Finished building target: NOD
 
16:59:20 **** Incremental Build of configuration Debug for project NOD ****
make all 
make: Цель «all» не требует выполнения команд.
16:59:23 **** Incremental Build of configuration Debug for project NOD ****
make all 
make: Цель «all» не требует выполнения команд.
16:59:54 **** Incremental Build of configuration Debug for project NOD ****
make all 
make: Цель «all» не требует выполнения команд.
17:04:23 **** Incremental Build of configuration Debug for project NOD ****
make all 
Building file: ../main.cpp
Invoking: GCC C++ Compiler
g++ -O0 -g3 -Wall -c -fmessage-length=0 -MMD -MP -MF"main.d" -MT"main.o" -o "main.o" "../main.cpp"
Finished building: ../main.cpp
 
Building target: NOD
Invoking: GCC C++ Linker
g++  -o "NOD"  ./main.o   
Finished building target: NOD
 
17:04:26 **** Incremental Build of configuration Debug for project NOD ****
make all 
make: Цель «all» не требует выполнения команд.
17:04:55 **** Incremental Build of configuration Debug for project NOD ****
make all 
make: Цель «all» не требует выполнения команд.
17:04:57 **** Incremental Build of configuration Debug for project NOD ****
make all 
make: Цель «all» не требует выполнения команд.
17:05:00 **** Incremental Build of configuration Debug for project NOD ****
make all 
make: Цель «all» не требует выполнения команд.
17:05:02 **** Incremental Build of configuration Debug for project NOD ****
make all 
make: Цель «all» не требует выполнения команд.
17:05:12 **** Incremental Build of configuration Debug for project NOD ****
make all 
make: Цель «all» не требует выполнения команд.
17:05:27 **** Incremental Build of configuration Debug for project NOD ****
make all 
make: Цель «all» не требует выполнения команд.
18:38:27 **** Build of configuration Debug for project Binary_Numbers ****
make all 
Building file: ../main.cpp
Invoking: GCC C++ Compiler
g++ -O0 -g3 -Wall -c -fmessage-length=0 -MMD -MP -MF"main.d" -MT"main.o" -o "main.o" "../main.cpp"
../main.cpp: In function ‘int main()’:
../main.cpp:19:10: error: invalid operands of types ‘int’ and ‘__gnu_cxx::__promote_2<int, int, double, double>::__type’ {aka ‘double’} to binary ‘operator%’
   19 |   number %= pow(2, cur_pow);
      |   ~~~~~~~^~~~~~~~~~~~~~~~~~
../main.cpp:19:27: error:   in evaluation of ‘operator%=(int, __gnu_cxx::__promote_2<int, int, double, double>::__type {aka double})’
   19 |   number %= pow(2, cur_pow);
      |                           ^
make: *** [subdir.mk:20: main.o] Ошибка 1
"make all" terminated with exit code 2. Build might be incomplete.
18:39:05 **** Incremental Build of configuration Debug for project Binary_Numbers ****
make all 
Building file: ../main.cpp
Invoking: GCC C++ Compiler
g++ -O0 -g3 -Wall -c -fmessage-length=0 -MMD -MP -MF"main.d" -MT"main.o" -o "main.o" "../main.cpp"
Finished building: ../main.cpp
 
Building target: Binary_Numbers
Invoking: GCC C++ Linker
g++  -o "Binary_Numbers"  ./main.o   
Finished building target: Binary_Numbers
 
18:39:21 **** Incremental Build of configuration Debug for project Binary_Numbers ****
make all 
make: Цель «all» не требует выполнения команд.
18:39:25 **** Incremental Build of configuration Debug for project Binary_Numbers ****
make all 
make: Цель «all» не требует выполнения команд.
18:39:28 **** Incremental Build of configuration Debug for project Binary_Numbers ****
make all 
make: Цель «all» не требует выполнения команд.
18:39:53 **** Incremental Build of configuration Debug for project Binary_Numbers ****
make all 
Building file: ../main.cpp
Invoking: GCC C++ Compiler
g++ -O0 -g3 -Wall -c -fmessage-length=0 -MMD -MP -MF"main.d" -MT"main.o" -o "main.o" "../main.cpp"
Finished building: ../main.cpp
 
Building target: Binary_Numbers
Invoking: GCC C++ Linker
g++  -o "Binary_Numbers"  ./main.o   
Finished building target: Binary_Numbers
 
18:39:56 **** Incremental Build of configuration Debug for project Binary_Numbers ****
make all 
make: Цель «all» не требует выполнения команд.
18:39:59 **** Incremental Build of configuration Debug for project Binary_Numbers ****
make all 
make: Цель «all» не требует выполнения команд.
18:40:12 **** Incremental Build of configuration Debug for project Binary_Numbers ****
make all 
Building file: ../main.cpp
Invoking: GCC C++ Compiler
g++ -O0 -g3 -Wall -c -fmessage-length=0 -MMD -MP -MF"main.d" -MT"main.o" -o "main.o" "../main.cpp"
Finished building: ../main.cpp
 
Building target: Binary_Numbers
Invoking: GCC C++ Linker
g++  -o "Binary_Numbers"  ./main.o   
Finished building target: Binary_Numbers
 
18:40:42 **** Incremental Build of configuration Debug for project Binary_Numbers ****
make all 
make: Цель «all» не требует выполнения команд.
18:40:47 **** Incremental Build of configuration Debug for project Binary_Numbers ****
make all 
make: Цель «all» не требует выполнения команд.
18:40:49 **** Incremental Build of configuration Debug for project Binary_Numbers ****
make all 
make: Цель «all» не требует выполнения команд.
18:43:27 **** Incremental Build of configuration Debug for project Binary_Numbers ****
make all 
make: Цель «all» не требует выполнения команд.
19:15:54 **** Incremental Build of configuration Debug for project Binary_Numbers ****
make all 
Building file: ../main.cpp
Invoking: GCC C++ Compiler
g++ -O0 -g3 -Wall -c -fmessage-length=0 -MMD -MP -MF"main.d" -MT"main.o" -o "main.o" "../main.cpp"
Finished building: ../main.cpp
 
Building target: Binary_Numbers
Invoking: GCC C++ Linker
g++  -o "Binary_Numbers"  ./main.o   
Finished building target: Binary_Numbers
 
19:15:56 **** Incremental Build of configuration Debug for project Binary_Numbers ****
make all 
make: Цель «all» не требует выполнения команд.
19:16:00 **** Incremental Build of configuration Debug for project Binary_Numbers ****
make all 
make: Цель «all» не требует выполнения команд.
19:16:38 **** Incremental Build of configuration Debug for project Binary_Numbers ****
make all 
make: Цель «all» не требует выполнения команд.
19:16:58 **** Incremental Build of configuration Debug for project Binary_Numbers ****
make all 
make: Цель «all» не требует выполнения команд.
19:17:01 **** Incremental Build of configuration Debug for project Binary_Numbers ****
make all 
make: Цель «all» не требует выполнения команд.
19:17:06 **** Incremental Build of configuration Debug for project Binary_Numbers ****
make all 
make: Цель «all» не требует выполнения команд.
19:17:08 **** Incremental Build of configuration Debug for project Binary_Numbers ****
make all 
make: Цель «all» не требует выполнения команд.
19:17:11 **** Incremental Build of configuration Debug for project Binary_Numbers ****
make all 
make: Цель «all» не требует выполнения команд.
19:17:14 **** Incremental Build of configuration Debug for project Binary_Numbers ****
make all 
make: Цель «all» не требует выполнения команд.
20:45:58 **** Build of configuration Debug for project Factorial ****
make all 
Building file: ../main.cpp
Invoking: GCC C++ Compiler
g++ -O0 -g3 -Wall -c -fmessage-length=0 -MMD -MP -MF"main.d" -MT"main.o" -o "main.o" "../main.cpp"
Finished building: ../main.cpp
 
Building target: Factorial
Invoking: GCC C++ Linker
g++  -o "Factorial"  ./main.o   
Finished building target: Factorial
 
20:46:03 **** Incremental Build of configuration Debug for project Factorial ****
make all 
make: Цель «all» не требует выполнения команд.
20:46:46 **** Incremental Build of configuration Debug for project Factorial ****
make all 
Building file: ../main.cpp
Invoking: GCC C++ Compiler
g++ -O0 -g3 -Wall -c -fmessage-length=0 -MMD -MP -MF"main.d" -MT"main.o" -o "main.o" "../main.cpp"
Finished building: ../main.cpp
 
Building target: Factorial
Invoking: GCC C++ Linker
g++  -o "Factorial"  ./main.o   
Finished building target: Factorial
 
20:46:50 **** Incremental Build of configuration Debug for project Factorial ****
make all 
make: Цель «all» не требует выполнения команд.
20:46:55 **** Incremental Build of configuration Debug for project Factorial ****
make all 
make: Цель «all» не требует выполнения команд.
20:47:45 **** Incremental Build of configuration Debug for project Factorial ****
make all 
make: Цель «all» не требует выполнения команд.
20:48:49 **** Incremental Build of configuration Debug for project Factorial ****
make all 
Building file: ../main.cpp
Invoking: GCC C++ Compiler
g++ -O0 -g3 -Wall -c -fmessage-length=0 -MMD -MP -MF"main.d" -MT"main.o" -o "main.o" "../main.cpp"
Finished building: ../main.cpp
 
Building target: Factorial
Invoking: GCC C++ Linker
g++  -o "Factorial"  ./main.o   
Finished building target: Factorial
 
20:48:58 **** Incremental Build of configuration Debug for project Factorial ****
make all 
make: Цель «all» не требует выполнения команд.
20:48:59 **** Incremental Build of configuration Debug for project Factorial ****
make all 
make: Цель «all» не требует выполнения команд.
20:49:02 **** Incremental Build of configuration Debug for project Factorial ****
make all 
make: Цель «all» не требует выполнения команд.
20:49:03 **** Incremental Build of configuration Debug for project Factorial ****
make all 
make: Цель «all» не требует выполнения команд.
